<?xml version="1.0" encoding="UTF-8"?>
<!-- Generated by org.testng.reporters.JUnitReportReporter -->
<testsuite hostname="LAPTOP-CRF2I24H" failures="0" tests="1" name="testCases.Login" time="9.639" errors="0" timestamp="2020-10-06T19:35:38 IST" skipped="0">
  <testcase classname="testCases.Login" name="login" time="9.639"/>
  <system-out/>
</testsuite> <!-- testCases.Login -->
