<?xml version="1.0" encoding="UTF-8"?>
<!-- Generated by org.testng.reporters.JUnitReportReporter -->
<testsuite hostname="LAPTOP-CRF2I24H" failures="0" tests="1" name="testCases.Login" time="51.052" errors="0" timestamp="2020-09-30T19:24:53 IST" skipped="0">
  <testcase classname="testCases.Login" name="login" time="51.052"/>
</testsuite> <!-- testCases.Login -->
